[debug] [2024-06-30T14:59:46.424Z] ----------------------------------------------------------------------
[debug] [2024-06-30T14:59:46.427Z] Command:       C:\Program Files\nodejs\node.exe C:\Users\Lenovo\AppData\Roaming\npm\node_modules\firebase-tools\lib\bin\firebase.js init
[debug] [2024-06-30T14:59:46.427Z] CLI Version:   13.12.0
[debug] [2024-06-30T14:59:46.427Z] Platform:      win32
[debug] [2024-06-30T14:59:46.427Z] Node Version:  v20.15.0
[debug] [2024-06-30T14:59:46.427Z] Time:          Sun Jun 30 2024 17:59:46 GMT+0300 (GMT+03:00)
[debug] [2024-06-30T14:59:46.428Z] ----------------------------------------------------------------------
[debug] 
[debug] [2024-06-30T14:59:46.435Z] > command requires scopes: ["email","openid","https://www.googleapis.com/auth/cloudplatformprojects.readonly","https://www.googleapis.com/auth/firebase","https://www.googleapis.com/auth/cloud-platform"]
[debug] [2024-06-30T14:59:46.435Z] > authorizing via signed-in user (leen@univer.me)
[info] 
     ######## #### ########  ######## ########     ###     ######  ########
     ##        ##  ##     ## ##       ##     ##  ##   ##  ##       ##
     ######    ##  ########  ######   ########  #########  ######  ######
     ##        ##  ##    ##  ##       ##     ## ##     ##       ## ##
     ##       #### ##     ## ######## ########  ##     ##  ######  ########

You're about to initialize a Firebase project in this directory:

  C:\Users\Lenovo\Downloads\univer-tours-platform-main

[info] 
=== Project Setup
[info] 
[info] First, let's associate this project directory with a Firebase project.
[info] You can create multiple project aliases by running firebase use --add, 
[info] but for now we'll just set up a default project.
[info] 
[debug] [2024-06-30T14:59:55.175Z] Using project from CLI flag: univer-tours-platform
[debug] [2024-06-30T14:59:55.180Z] >>> [apiv2][query] GET https://firebase.googleapis.com/v1beta1/projects/univer-tours-platform [none]
[debug] [2024-06-30T14:59:55.881Z] <<< [apiv2][status] GET https://firebase.googleapis.com/v1beta1/projects/univer-tours-platform 403
[debug] [2024-06-30T14:59:55.882Z] <<< [apiv2][body] GET https://firebase.googleapis.com/v1beta1/projects/univer-tours-platform {"error":{"code":403,"message":"The caller does not have permission","status":"PERMISSION_DENIED"}}
[debug] [2024-06-30T14:59:55.882Z] HTTP Error: 403, The caller does not have permission
[debug] [2024-06-30T14:59:56.115Z] FirebaseError: HTTP Error: 403, The caller does not have permission
    at responseToError (C:\Users\Lenovo\AppData\Roaming\npm\node_modules\firebase-tools\lib\responseToError.js:49:12)
    at RetryOperation._fn (C:\Users\Lenovo\AppData\Roaming\npm\node_modules\firebase-tools\lib\apiv2.js:305:77)
    at process.processTicksAndRejections (node:internal/process/task_queues:95:5)
[error] 
[error] Error: Failed to get Firebase project univer-tours-platform. Please make sure the project exists and your account has permission to access it.
